<?xml version="1.0" encoding="UTF-8"?>
<!-- Generated by org.testng.reporters.JUnitReportReporter -->
<testsuite hostname="TusharPC" failures="0" tests="2" name="variousConcepts.LearnTestNG" time="6.426" errors="0" timestamp="2023-04-22T14:02:36 CDT" skipped="0">
  <testcase classname="variousConcepts.LearnTestNG" name="loginTest" time="2.301"/>
  <system-out/>
  <testcase classname="variousConcepts.LearnTestNG" name="addCustomer" time="4.125"/>
  <system-out/>
</testsuite> <!-- variousConcepts.LearnTestNG -->
